<html>
<head>
<title>TestNG:  Test</title>
<link href="../testng.css" rel="stylesheet" type="text/css" />
<link href="../my-testng.css" rel="stylesheet" type="text/css" />

<style type="text/css">
.log { display: none;} 
.stack-trace { display: none;} 
</style>
<script type="text/javascript">
<!--
function flip(e) {
  current = e.style.display;
  if (current == 'block') {
    e.style.display = 'none';
    return 0;
  }
  else {
    e.style.display = 'block';
    return 1;
  }
}

function toggleBox(szDivId, elem, msg1, msg2)
{
  var res = -1;  if (document.getElementById) {
    res = flip(document.getElementById(szDivId));
  }
  else if (document.all) {
    // this is the way old msie versions work
    res = flip(document.all[szDivId]);
  }
  if(elem) {
    if(res == 0) elem.innerHTML = msg1; else elem.innerHTML = msg2;
  }

}

function toggleAllBoxes() {
  if (document.getElementsByTagName) {
    d = document.getElementsByTagName('div');
    for (i = 0; i < d.length; i++) {
      if (d[i].className == 'log') {
        flip(d[i]);
      }
    }
  }
}

// -->
</script>

</head>
<body>
<h2 align='center'>Test</h2><table border='1' align="center">
<tr>
<td>Tests passed/Failed/Skipped:</td><td>0/1/16</td>
</tr><tr>
<td>Started on:</td><td>Thu Jul 04 15:42:44 IST 2019</td>
</tr>
<tr><td>Total time:</td><td>0 seconds (685 ms)</td>
</tr><tr>
<td>Included groups:</td><td></td>
</tr><tr>
<td>Excluded groups:</td><td></td>
</tr>
</table><p/>
<small><i>(Hover the method name to see the test class name)</i></small><p/>
<table width='100%' border='1' class='invocation-failed'>
<tr><td colspan='4' align='center'><b>FAILED CONFIGURATIONS</b></td></tr>
<tr><td><b>Test method</b></td>
<td width="30%"><b>Exception</b></td>
<td width="10%"><b>Time (seconds)</b></td>
<td><b>Instance</b></td>
</tr>
<tr>
<td title='testCases.UsersTestCases.afterMethod()'><b>afterMethod</b><br>Test class: testCases.UsersTestCases<br>Parameters: [TestResult name=Role_getElements_List_Test status=FAILURE method=UsersTestCases.Role_getElements_List_Test()[pri:0, instance:testCases.UsersTestCases@6e3c1e69] output={null}]</td>
<td><div><pre>java.lang.NullPointerException
	at testCases.UsersTestCases.afterMethod(UsersTestCases.java:305)
... Removed 26 stack frames</pre></div><a href='#' onClick='toggleBox("stack-trace989892772", this, "Click to show all stack frames", "Click to hide stack frames")'>Click to show all stack frames</a>
<div class='stack-trace' id='stack-trace989892772'><pre>java.lang.NullPointerException
	at testCases.UsersTestCases.afterMethod(UsersTestCases.java:305)
	at sun.reflect.NativeMethodAccessorImpl.invoke0(Native Method)
	at sun.reflect.NativeMethodAccessorImpl.invoke(Unknown Source)
	at sun.reflect.DelegatingMethodAccessorImpl.invoke(Unknown Source)
	at java.lang.reflect.Method.invoke(Unknown Source)
	at org.testng.internal.MethodInvocationHelper.invokeMethod(MethodInvocationHelper.java:86)
	at org.testng.internal.Invoker.invokeConfigurationMethod(Invoker.java:514)
	at org.testng.internal.Invoker.invokeConfigurations(Invoker.java:215)
	at org.testng.internal.Invoker.invokeMethod(Invoker.java:709)
	at org.testng.internal.Invoker.invokeTestMethod(Invoker.java:822)
	at org.testng.internal.Invoker.invokeTestMethods(Invoker.java:1130)
	at org.testng.internal.TestMethodWorker.invokeTestMethods(TestMethodWorker.java:129)
	at org.testng.internal.TestMethodWorker.run(TestMethodWorker.java:112)
	at org.testng.TestRunner.privateRun(TestRunner.java:782)
	at org.testng.TestRunner.run(TestRunner.java:632)
	at org.testng.SuiteRunner.runTest(SuiteRunner.java:366)
	at org.testng.SuiteRunner.runSequentially(SuiteRunner.java:361)
	at org.testng.SuiteRunner.privateRun(SuiteRunner.java:319)
	at org.testng.SuiteRunner.run(SuiteRunner.java:268)
	at org.testng.SuiteRunnerWorker.runSuite(SuiteRunnerWorker.java:52)
	at org.testng.SuiteRunnerWorker.run(SuiteRunnerWorker.java:86)
	at org.testng.TestNG.runSuitesSequentially(TestNG.java:1244)
	at org.testng.TestNG.runSuitesLocally(TestNG.java:1169)
	at org.testng.TestNG.run(TestNG.java:1064)
	at org.testng.remote.RemoteTestNG.run(RemoteTestNG.java:113)
	at org.testng.remote.RemoteTestNG.initAndRun(RemoteTestNG.java:206)
	at org.testng.remote.RemoteTestNG.main(RemoteTestNG.java:177)
</pre></div></td>
<td>0</td>
<td>testCases.UsersTestCases@6e3c1e69</td></tr>
</table><p>
<table width='100%' border='1' class='invocation-skipped'>
<tr><td colspan='4' align='center'><b>SKIPPED CONFIGURATIONS</b></td></tr>
<tr><td><b>Test method</b></td>
<td width="30%"><b>Exception</b></td>
<td width="10%"><b>Time (seconds)</b></td>
<td><b>Instance</b></td>
</tr>
<tr>
<td title='testCases.UsersTestCases.beforeMethod()'><b>beforeMethod</b><br>Test class: testCases.UsersTestCases</td>
<td></td>
<td>0</td>
<td>testCases.UsersTestCases@6e3c1e69</td></tr>
<tr>
<td title='testCases.UsersTestCases.beforeMethod()'><b>beforeMethod</b><br>Test class: testCases.UsersTestCases</td>
<td></td>
<td>0</td>
<td>testCases.UsersTestCases@6e3c1e69</td></tr>
<tr>
<td title='testCases.UsersTestCases.beforeMethod()'><b>beforeMethod</b><br>Test class: testCases.UsersTestCases</td>
<td></td>
<td>0</td>
<td>testCases.UsersTestCases@6e3c1e69</td></tr>
<tr>
<td title='testCases.UsersTestCases.beforeMethod()'><b>beforeMethod</b><br>Test class: testCases.UsersTestCases</td>
<td></td>
<td>0</td>
<td>testCases.UsersTestCases@6e3c1e69</td></tr>
<tr>
<td title='testCases.UsersTestCases.beforeMethod()'><b>beforeMethod</b><br>Test class: testCases.UsersTestCases</td>
<td></td>
<td>0</td>
<td>testCases.UsersTestCases@6e3c1e69</td></tr>
<tr>
<td title='testCases.UsersTestCases.beforeMethod()'><b>beforeMethod</b><br>Test class: testCases.UsersTestCases</td>
<td></td>
<td>0</td>
<td>testCases.UsersTestCases@6e3c1e69</td></tr>
<tr>
<td title='testCases.UsersTestCases.beforeMethod()'><b>beforeMethod</b><br>Test class: testCases.UsersTestCases</td>
<td></td>
<td>0</td>
<td>testCases.UsersTestCases@6e3c1e69</td></tr>
<tr>
<td title='testCases.UsersTestCases.beforeMethod()'><b>beforeMethod</b><br>Test class: testCases.UsersTestCases</td>
<td></td>
<td>0</td>
<td>testCases.UsersTestCases@6e3c1e69</td></tr>
<tr>
<td title='testCases.UsersTestCases.beforeMethod()'><b>beforeMethod</b><br>Test class: testCases.UsersTestCases</td>
<td></td>
<td>0</td>
<td>testCases.UsersTestCases@6e3c1e69</td></tr>
<tr>
<td title='testCases.UsersTestCases.beforeMethod()'><b>beforeMethod</b><br>Test class: testCases.UsersTestCases</td>
<td></td>
<td>0</td>
<td>testCases.UsersTestCases@6e3c1e69</td></tr>
<tr>
<td title='testCases.UsersTestCases.beforeMethod()'><b>beforeMethod</b><br>Test class: testCases.UsersTestCases</td>
<td></td>
<td>0</td>
<td>testCases.UsersTestCases@6e3c1e69</td></tr>
<tr>
<td title='testCases.UsersTestCases.beforeMethod()'><b>beforeMethod</b><br>Test class: testCases.UsersTestCases</td>
<td></td>
<td>0</td>
<td>testCases.UsersTestCases@6e3c1e69</td></tr>
<tr>
<td title='testCases.UsersTestCases.beforeMethod()'><b>beforeMethod</b><br>Test class: testCases.UsersTestCases</td>
<td></td>
<td>0</td>
<td>testCases.UsersTestCases@6e3c1e69</td></tr>
<tr>
<td title='testCases.UsersTestCases.beforeMethod()'><b>beforeMethod</b><br>Test class: testCases.UsersTestCases</td>
<td></td>
<td>0</td>
<td>testCases.UsersTestCases@6e3c1e69</td></tr>
<tr>
<td title='testCases.UsersTestCases.beforeMethod()'><b>beforeMethod</b><br>Test class: testCases.UsersTestCases</td>
<td></td>
<td>0</td>
<td>testCases.UsersTestCases@6e3c1e69</td></tr>
<tr>
<td title='testCases.UsersTestCases.beforeMethod()'><b>beforeMethod</b><br>Test class: testCases.UsersTestCases</td>
<td></td>
<td>0</td>
<td>testCases.UsersTestCases@6e3c1e69</td></tr>
<tr>
<td title='testCases.UsersTestCases.afterMethod()'><b>afterMethod</b><br>Test class: testCases.UsersTestCases</td>
<td></td>
<td>0</td>
<td>testCases.UsersTestCases@6e3c1e69</td></tr>
<tr>
<td title='testCases.UsersTestCases.afterMethod()'><b>afterMethod</b><br>Test class: testCases.UsersTestCases</td>
<td></td>
<td>0</td>
<td>testCases.UsersTestCases@6e3c1e69</td></tr>
<tr>
<td title='testCases.UsersTestCases.afterMethod()'><b>afterMethod</b><br>Test class: testCases.UsersTestCases</td>
<td></td>
<td>0</td>
<td>testCases.UsersTestCases@6e3c1e69</td></tr>
<tr>
<td title='testCases.UsersTestCases.afterMethod()'><b>afterMethod</b><br>Test class: testCases.UsersTestCases</td>
<td></td>
<td>0</td>
<td>testCases.UsersTestCases@6e3c1e69</td></tr>
<tr>
<td title='testCases.UsersTestCases.afterMethod()'><b>afterMethod</b><br>Test class: testCases.UsersTestCases</td>
<td></td>
<td>0</td>
<td>testCases.UsersTestCases@6e3c1e69</td></tr>
<tr>
<td title='testCases.UsersTestCases.afterMethod()'><b>afterMethod</b><br>Test class: testCases.UsersTestCases</td>
<td></td>
<td>0</td>
<td>testCases.UsersTestCases@6e3c1e69</td></tr>
<tr>
<td title='testCases.UsersTestCases.afterMethod()'><b>afterMethod</b><br>Test class: testCases.UsersTestCases</td>
<td></td>
<td>0</td>
<td>testCases.UsersTestCases@6e3c1e69</td></tr>
<tr>
<td title='testCases.UsersTestCases.afterMethod()'><b>afterMethod</b><br>Test class: testCases.UsersTestCases</td>
<td></td>
<td>0</td>
<td>testCases.UsersTestCases@6e3c1e69</td></tr>
<tr>
<td title='testCases.UsersTestCases.afterMethod()'><b>afterMethod</b><br>Test class: testCases.UsersTestCases</td>
<td></td>
<td>0</td>
<td>testCases.UsersTestCases@6e3c1e69</td></tr>
<tr>
<td title='testCases.UsersTestCases.afterMethod()'><b>afterMethod</b><br>Test class: testCases.UsersTestCases</td>
<td></td>
<td>0</td>
<td>testCases.UsersTestCases@6e3c1e69</td></tr>
<tr>
<td title='testCases.UsersTestCases.afterMethod()'><b>afterMethod</b><br>Test class: testCases.UsersTestCases</td>
<td></td>
<td>0</td>
<td>testCases.UsersTestCases@6e3c1e69</td></tr>
<tr>
<td title='testCases.UsersTestCases.afterMethod()'><b>afterMethod</b><br>Test class: testCases.UsersTestCases</td>
<td></td>
<td>0</td>
<td>testCases.UsersTestCases@6e3c1e69</td></tr>
<tr>
<td title='testCases.UsersTestCases.afterMethod()'><b>afterMethod</b><br>Test class: testCases.UsersTestCases</td>
<td></td>
<td>0</td>
<td>testCases.UsersTestCases@6e3c1e69</td></tr>
<tr>
<td title='testCases.UsersTestCases.afterMethod()'><b>afterMethod</b><br>Test class: testCases.UsersTestCases</td>
<td></td>
<td>0</td>
<td>testCases.UsersTestCases@6e3c1e69</td></tr>
<tr>
<td title='testCases.UsersTestCases.afterMethod()'><b>afterMethod</b><br>Test class: testCases.UsersTestCases</td>
<td></td>
<td>0</td>
<td>testCases.UsersTestCases@6e3c1e69</td></tr>
<tr>
<td title='testCases.UsersTestCases.afterMethod()'><b>afterMethod</b><br>Test class: testCases.UsersTestCases</td>
<td></td>
<td>0</td>
<td>testCases.UsersTestCases@6e3c1e69</td></tr>
</table><p>
<table width='100%' border='1' class='invocation-failed'>
<tr><td colspan='4' align='center'><b>FAILED TESTS</b></td></tr>
<tr><td><b>Test method</b></td>
<td width="30%"><b>Exception</b></td>
<td width="10%"><b>Time (seconds)</b></td>
<td><b>Instance</b></td>
</tr>
<tr>
<td title='testCases.UsersTestCases.Role_getElements_List_Test()'><b>Role_getElements_List_Test</b><br>Test class: testCases.UsersTestCases</td>
<td><div><pre>java.lang.NullPointerException
	at java.util.Objects.requireNonNull(Unknown Source)
	at org.openqa.selenium.support.ui.FluentWait.&lt;init&gt;(FluentWait.java:106)
	at org.openqa.selenium.support.ui.WebDriverWait.&lt;init&gt;(WebDriverWait.java:85)
	at org.openqa.selenium.support.ui.WebDriverWait.&lt;init&gt;(WebDriverWait.java:45)
	at utility.Utils.waitForAjax(Utils.java:474)
	at pageObjects.UsersPage.verify_Navigate_to_Add_user_page(UsersPage.java:73)
	at testCases.UsersTestCases.Role_getElements_List_Test(UsersTestCases.java:211)
... Removed 24 stack frames</pre></div><a href='#' onClick='toggleBox("stack-trace1770642014", this, "Click to show all stack frames", "Click to hide stack frames")'>Click to show all stack frames</a>
<div class='stack-trace' id='stack-trace1770642014'><pre>java.lang.NullPointerException
	at java.util.Objects.requireNonNull(Unknown Source)
	at org.openqa.selenium.support.ui.FluentWait.&lt;init&gt;(FluentWait.java:106)
	at org.openqa.selenium.support.ui.WebDriverWait.&lt;init&gt;(WebDriverWait.java:85)
	at org.openqa.selenium.support.ui.WebDriverWait.&lt;init&gt;(WebDriverWait.java:45)
	at utility.Utils.waitForAjax(Utils.java:474)
	at pageObjects.UsersPage.verify_Navigate_to_Add_user_page(UsersPage.java:73)
	at testCases.UsersTestCases.Role_getElements_List_Test(UsersTestCases.java:211)
	at sun.reflect.NativeMethodAccessorImpl.invoke0(Native Method)
	at sun.reflect.NativeMethodAccessorImpl.invoke(Unknown Source)
	at sun.reflect.DelegatingMethodAccessorImpl.invoke(Unknown Source)
	at java.lang.reflect.Method.invoke(Unknown Source)
	at org.testng.internal.MethodInvocationHelper.invokeMethod(MethodInvocationHelper.java:86)
	at org.testng.internal.Invoker.invokeMethod(Invoker.java:645)
	at org.testng.internal.Invoker.invokeTestMethod(Invoker.java:822)
	at org.testng.internal.Invoker.invokeTestMethods(Invoker.java:1130)
	at org.testng.internal.TestMethodWorker.invokeTestMethods(TestMethodWorker.java:129)
	at org.testng.internal.TestMethodWorker.run(TestMethodWorker.java:112)
	at org.testng.TestRunner.privateRun(TestRunner.java:782)
	at org.testng.TestRunner.run(TestRunner.java:632)
	at org.testng.SuiteRunner.runTest(SuiteRunner.java:366)
	at org.testng.SuiteRunner.runSequentially(SuiteRunner.java:361)
	at org.testng.SuiteRunner.privateRun(SuiteRunner.java:319)
	at org.testng.SuiteRunner.run(SuiteRunner.java:268)
	at org.testng.SuiteRunnerWorker.runSuite(SuiteRunnerWorker.java:52)
	at org.testng.SuiteRunnerWorker.run(SuiteRunnerWorker.java:86)
	at org.testng.TestNG.runSuitesSequentially(TestNG.java:1244)
	at org.testng.TestNG.runSuitesLocally(TestNG.java:1169)
	at org.testng.TestNG.run(TestNG.java:1064)
	at org.testng.remote.RemoteTestNG.run(RemoteTestNG.java:113)
	at org.testng.remote.RemoteTestNG.initAndRun(RemoteTestNG.java:206)
	at org.testng.remote.RemoteTestNG.main(RemoteTestNG.java:177)
</pre></div></td>
<td>0</td>
<td>testCases.UsersTestCases@6e3c1e69</td></tr>
</table><p>
<table width='100%' border='1' class='invocation-skipped'>
<tr><td colspan='4' align='center'><b>SKIPPED TESTS</b></td></tr>
<tr><td><b>Test method</b></td>
<td width="30%"><b>Exception</b></td>
<td width="10%"><b>Time (seconds)</b></td>
<td><b>Instance</b></td>
</tr>
<tr>
<td title='testCases.UsersTestCases.adduser_Discardchanges_btn()'><b>adduser_Discardchanges_btn</b><br>Test class: testCases.UsersTestCases</td>
<td></td>
<td>0</td>
<td>testCases.UsersTestCases@6e3c1e69</td></tr>
<tr>
<td title='testCases.UsersTestCases.adduser_savechanges_btn_Test()'><b>adduser_savechanges_btn_Test</b><br>Test class: testCases.UsersTestCases</td>
<td></td>
<td>0</td>
<td>testCases.UsersTestCases@6e3c1e69</td></tr>
<tr>
<td title='testCases.UsersTestCases.clk_User_Test()'><b>clk_User_Test</b><br>Test class: testCases.UsersTestCases</td>
<td></td>
<td>0</td>
<td>testCases.UsersTestCases@6e3c1e69</td></tr>
<tr>
<td title='testCases.UsersTestCases.clk_adduser_nulldata_Test()'><b>clk_adduser_nulldata_Test</b><br>Test class: testCases.UsersTestCases</td>
<td></td>
<td>0</td>
<td>testCases.UsersTestCases@6e3c1e69</td></tr>
<tr>
<td title='testCases.UsersTestCases.clk_defineusers_Test()'><b>clk_defineusers_Test</b><br>Test class: testCases.UsersTestCases</td>
<td></td>
<td>0</td>
<td>testCases.UsersTestCases@6e3c1e69</td></tr>
<tr>
<td title='testCases.UsersTestCases.delete_User_Test()'><b>delete_User_Test</b><br>Test class: testCases.UsersTestCases</td>
<td></td>
<td>0</td>
<td>testCases.UsersTestCases@6e3c1e69</td></tr>
<tr>
<td title='testCases.UsersTestCases.downloadFile_Test()'><b>downloadFile_Test</b><br>Test class: testCases.UsersTestCases</td>
<td></td>
<td>0</td>
<td>testCases.UsersTestCases@6e3c1e69</td></tr>
<tr>
<td title='testCases.UsersTestCases.edit_User_Test()'><b>edit_User_Test</b><br>Test class: testCases.UsersTestCases</td>
<td></td>
<td>0</td>
<td>testCases.UsersTestCases@6e3c1e69</td></tr>
<tr>
<td title='testCases.UsersTestCases.edittestdynamic()'><b>edittestdynamic</b><br>Test class: testCases.UsersTestCases</td>
<td></td>
<td>0</td>
<td>testCases.UsersTestCases@6e3c1e69</td></tr>
<tr>
<td title='testCases.UsersTestCases.field_Validation_Test()'><b>field_Validation_Test</b><br>Test class: testCases.UsersTestCases</td>
<td></td>
<td>0</td>
<td>testCases.UsersTestCases@6e3c1e69</td></tr>
<tr>
<td title='testCases.UsersTestCases.homeIcon_clk_Test()'><b>homeIcon_clk_Test</b><br>Test class: testCases.UsersTestCases</td>
<td></td>
<td>0</td>
<td>testCases.UsersTestCases@6e3c1e69</td></tr>
<tr>
<td title='testCases.UsersTestCases.navigation_scrn_Test()'><b>navigation_scrn_Test</b><br>Test class: testCases.UsersTestCases</td>
<td></td>
<td>0</td>
<td>testCases.UsersTestCases@6e3c1e69</td></tr>
<tr>
<td title='testCases.UsersTestCases.uploadFile_Test()'><b>uploadFile_Test</b><br>Test class: testCases.UsersTestCases</td>
<td></td>
<td>0</td>
<td>testCases.UsersTestCases@6e3c1e69</td></tr>
<tr>
<td title='testCases.UsersTestCases.verify_Add_User_Test()'><b>verify_Add_User_Test</b><br>Test class: testCases.UsersTestCases</td>
<td></td>
<td>0</td>
<td>testCases.UsersTestCases@6e3c1e69</td></tr>
<tr>
<td title='testCases.UsersTestCases.verify_Navigate_to_Add_user_page_Test()'><b>verify_Navigate_to_Add_user_page_Test</b><br>Test class: testCases.UsersTestCases</td>
<td></td>
<td>0</td>
<td>testCases.UsersTestCases@6e3c1e69</td></tr>
<tr>
<td title='testCases.UsersTestCases.verify_home_page_title_and_setup_entities_module_Test()'><b>verify_home_page_title_and_setup_entities_module_Test</b><br>Test class: testCases.UsersTestCases<br>Parameters: chrome</td>
<td></td>
<td>0</td>
<td>testCases.UsersTestCases@6e3c1e69</td></tr>
</table><p>
</body>
</html>