<?xml version="1.0" encoding="UTF-8"?>
<!-- Generated by org.testng.reporters.JUnitXMLReporter -->
<testsuite hostname="UNILPB061" name="Testone" tests="17" failures="1" timestamp="4 Jul 2019 10:06:09 GMT" time="0.684" errors="0">
  <testcase name="@AfterMethod afterMethod" time="0.0" classname="testCases.UsersTestCases">
    <failure type="java.lang.NullPointerException">
      <![CDATA[java.lang.NullPointerException
	at testCases.UsersTestCases.afterMethod(UsersTestCases.java:305)
	at java.util.concurrent.FutureTask.run(Unknown Source)
	at java.util.concurrent.ThreadPoolExecutor.runWorker(Unknown Source)
	at java.util.concurrent.ThreadPoolExecutor$Worker.run(Unknown Source)
	at java.lang.Thread.run(Unknown Source)
... Removed 18 stack frames]]>
    </failure>
  </testcase> <!-- @AfterMethod afterMethod -->
  <testcase name="@BeforeMethod beforeMethod" time="0.0" classname="testCases.UsersTestCases">
    <skipped/>
  </testcase> <!-- @BeforeMethod beforeMethod -->
  <testcase name="@AfterMethod afterMethod" time="0.0" classname="testCases.UsersTestCases">
    <skipped/>
  </testcase> <!-- @AfterMethod afterMethod -->
  <testcase name="@BeforeMethod beforeMethod" time="0.0" classname="testCases.UsersTestCases">
    <skipped/>
  </testcase> <!-- @BeforeMethod beforeMethod -->
  <testcase name="@AfterMethod afterMethod" time="0.0" classname="testCases.UsersTestCases">
    <skipped/>
  </testcase> <!-- @AfterMethod afterMethod -->
  <testcase name="@BeforeMethod beforeMethod" time="0.0" classname="testCases.UsersTestCases">
    <skipped/>
  </testcase> <!-- @BeforeMethod beforeMethod -->
  <testcase name="@AfterMethod afterMethod" time="0.0" classname="testCases.UsersTestCases">
    <skipped/>
  </testcase> <!-- @AfterMethod afterMethod -->
  <testcase name="@BeforeMethod beforeMethod" time="0.0" classname="testCases.UsersTestCases">
    <skipped/>
  </testcase> <!-- @BeforeMethod beforeMethod -->
  <testcase name="@AfterMethod afterMethod" time="0.0" classname="testCases.UsersTestCases">
    <skipped/>
  </testcase> <!-- @AfterMethod afterMethod -->
  <testcase name="@BeforeMethod beforeMethod" time="0.0" classname="testCases.UsersTestCases">
    <skipped/>
  </testcase> <!-- @BeforeMethod beforeMethod -->
  <testcase name="@AfterMethod afterMethod" time="0.0" classname="testCases.UsersTestCases">
    <skipped/>
  </testcase> <!-- @AfterMethod afterMethod -->
  <testcase name="@BeforeMethod beforeMethod" time="0.0" classname="testCases.UsersTestCases">
    <skipped/>
  </testcase> <!-- @BeforeMethod beforeMethod -->
  <testcase name="@AfterMethod afterMethod" time="0.0" classname="testCases.UsersTestCases">
    <skipped/>
  </testcase> <!-- @AfterMethod afterMethod -->
  <testcase name="@BeforeMethod beforeMethod" time="0.0" classname="testCases.UsersTestCases">
    <skipped/>
  </testcase> <!-- @BeforeMethod beforeMethod -->
  <testcase name="@AfterMethod afterMethod" time="0.0" classname="testCases.UsersTestCases">
    <skipped/>
  </testcase> <!-- @AfterMethod afterMethod -->
  <testcase name="@BeforeMethod beforeMethod" time="0.0" classname="testCases.UsersTestCases">
    <skipped/>
  </testcase> <!-- @BeforeMethod beforeMethod -->
  <testcase name="@AfterMethod afterMethod" time="0.0" classname="testCases.UsersTestCases">
    <skipped/>
  </testcase> <!-- @AfterMethod afterMethod -->
  <testcase name="@BeforeMethod beforeMethod" time="0.0" classname="testCases.UsersTestCases">
    <skipped/>
  </testcase> <!-- @BeforeMethod beforeMethod -->
  <testcase name="@AfterMethod afterMethod" time="0.0" classname="testCases.UsersTestCases">
    <skipped/>
  </testcase> <!-- @AfterMethod afterMethod -->
  <testcase name="@BeforeMethod beforeMethod" time="0.0" classname="testCases.UsersTestCases">
    <skipped/>
  </testcase> <!-- @BeforeMethod beforeMethod -->
  <testcase name="@AfterMethod afterMethod" time="0.0" classname="testCases.UsersTestCases">
    <skipped/>
  </testcase> <!-- @AfterMethod afterMethod -->
  <testcase name="@BeforeMethod beforeMethod" time="0.0" classname="testCases.UsersTestCases">
    <skipped/>
  </testcase> <!-- @BeforeMethod beforeMethod -->
  <testcase name="@AfterMethod afterMethod" time="0.0" classname="testCases.UsersTestCases">
    <skipped/>
  </testcase> <!-- @AfterMethod afterMethod -->
  <testcase name="@BeforeMethod beforeMethod" time="0.0" classname="testCases.UsersTestCases">
    <skipped/>
  </testcase> <!-- @BeforeMethod beforeMethod -->
  <testcase name="@AfterMethod afterMethod" time="0.0" classname="testCases.UsersTestCases">
    <skipped/>
  </testcase> <!-- @AfterMethod afterMethod -->
  <testcase name="@BeforeMethod beforeMethod" time="0.0" classname="testCases.UsersTestCases">
    <skipped/>
  </testcase> <!-- @BeforeMethod beforeMethod -->
  <testcase name="@AfterMethod afterMethod" time="0.0" classname="testCases.UsersTestCases">
    <skipped/>
  </testcase> <!-- @AfterMethod afterMethod -->
  <testcase name="@BeforeMethod beforeMethod" time="0.0" classname="testCases.UsersTestCases">
    <skipped/>
  </testcase> <!-- @BeforeMethod beforeMethod -->
  <testcase name="@AfterMethod afterMethod" time="0.0" classname="testCases.UsersTestCases">
    <skipped/>
  </testcase> <!-- @AfterMethod afterMethod -->
  <testcase name="@BeforeMethod beforeMethod" time="0.0" classname="testCases.UsersTestCases">
    <skipped/>
  </testcase> <!-- @BeforeMethod beforeMethod -->
  <testcase name="@AfterMethod afterMethod" time="0.0" classname="testCases.UsersTestCases">
    <skipped/>
  </testcase> <!-- @AfterMethod afterMethod -->
  <testcase name="@BeforeMethod beforeMethod" time="0.0" classname="testCases.UsersTestCases">
    <skipped/>
  </testcase> <!-- @BeforeMethod beforeMethod -->
  <testcase name="@AfterMethod afterMethod" time="0.0" classname="testCases.UsersTestCases">
    <skipped/>
  </testcase> <!-- @AfterMethod afterMethod -->
  <testcase name="Role_getElements_List_Test" time="0.019" classname="testCases.UsersTestCases">
    <failure type="java.lang.NullPointerException">
      <![CDATA[java.lang.NullPointerException
	at java.util.Objects.requireNonNull(Unknown Source)
	at org.openqa.selenium.support.ui.FluentWait.<init>(FluentWait.java:106)
	at org.openqa.selenium.support.ui.WebDriverWait.<init>(WebDriverWait.java:85)
	at org.openqa.selenium.support.ui.WebDriverWait.<init>(WebDriverWait.java:45)
	at utility.Utils.waitForAjax(Utils.java:474)
	at pageObjects.UsersPage.verify_Navigate_to_Add_user_page(UsersPage.java:73)
	at testCases.UsersTestCases.Role_getElements_List_Test(UsersTestCases.java:211)
	at java.util.concurrent.FutureTask.run(Unknown Source)
	at java.util.concurrent.ThreadPoolExecutor.runWorker(Unknown Source)
	at java.util.concurrent.ThreadPoolExecutor$Worker.run(Unknown Source)
	at java.lang.Thread.run(Unknown Source)
... Removed 16 stack frames]]>
    </failure>
  </testcase> <!-- Role_getElements_List_Test -->
  <testcase name="adduser_Discardchanges_btn" time="0.0" classname="testCases.UsersTestCases">
    <skipped/>
  </testcase> <!-- adduser_Discardchanges_btn -->
  <testcase name="adduser_savechanges_btn_Test" time="0.001" classname="testCases.UsersTestCases">
    <skipped/>
  </testcase> <!-- adduser_savechanges_btn_Test -->
  <testcase name="clk_User_Test" time="0.001" classname="testCases.UsersTestCases">
    <skipped/>
  </testcase> <!-- clk_User_Test -->
  <testcase name="clk_adduser_nulldata_Test" time="0.001" classname="testCases.UsersTestCases">
    <skipped/>
  </testcase> <!-- clk_adduser_nulldata_Test -->
  <testcase name="clk_defineusers_Test" time="0.001" classname="testCases.UsersTestCases">
    <skipped/>
  </testcase> <!-- clk_defineusers_Test -->
  <testcase name="delete_User_Test" time="0.0" classname="testCases.UsersTestCases">
    <skipped/>
  </testcase> <!-- delete_User_Test -->
  <testcase name="downloadFile_Test" time="0.0" classname="testCases.UsersTestCases">
    <skipped/>
  </testcase> <!-- downloadFile_Test -->
  <testcase name="edit_User_Test" time="0.0" classname="testCases.UsersTestCases">
    <skipped/>
  </testcase> <!-- edit_User_Test -->
  <testcase name="edittestdynamic" time="0.001" classname="testCases.UsersTestCases">
    <skipped/>
  </testcase> <!-- edittestdynamic -->
  <testcase name="field_Validation_Test" time="0.0" classname="testCases.UsersTestCases">
    <skipped/>
  </testcase> <!-- field_Validation_Test -->
  <testcase name="homeIcon_clk_Test" time="0.008" classname="testCases.UsersTestCases">
    <skipped/>
  </testcase> <!-- homeIcon_clk_Test -->
  <testcase name="navigation_scrn_Test" time="0.001" classname="testCases.UsersTestCases">
    <skipped/>
  </testcase> <!-- navigation_scrn_Test -->
  <testcase name="uploadFile_Test" time="0.001" classname="testCases.UsersTestCases">
    <skipped/>
  </testcase> <!-- uploadFile_Test -->
  <testcase name="verify_Add_User_Test" time="0.0" classname="testCases.UsersTestCases">
    <skipped/>
  </testcase> <!-- verify_Add_User_Test -->
  <testcase name="verify_Navigate_to_Add_user_page_Test" time="0.001" classname="testCases.UsersTestCases">
    <skipped/>
  </testcase> <!-- verify_Navigate_to_Add_user_page_Test -->
  <testcase name="verify_home_page_title_and_setup_entities_module_Test" time="0.0" classname="testCases.UsersTestCases">
    <skipped/>
  </testcase> <!-- verify_home_page_title_and_setup_entities_module_Test -->
</testsuite> <!-- Testone -->
